<?xml version="1.0" encoding="UTF-8"?>
<!-- Generated by org.testng.reporters.JUnitReportReporter -->
<testsuite hostname="DESKTOP-TBIC0IO" failures="0" tests="3" name="com.TestNG.Annotations2" time="0.013" errors="0" timestamp="2023-01-25T10:46:59 IST" skipped="1">
  <testcase classname="com.TestNG.Annotations2" name="gmailInbox" time="0.011"/>
  <system-out/>
  <testcase classname="com.TestNG.Annotations2" name="gmailComposemail" time="0.002"/>
  <system-out/>
  <testcase classname="com.TestNG.Annotations2" name="gmailSentBox">
    <skipped/>
  </testcase> <!-- gmailSentBox -->
  <system-out/>
</testsuite> <!-- com.TestNG.Annotations2 -->
