<?xml version="1.0" encoding="UTF-8"?>
<!-- Generated by org.testng.reporters.JUnitReportReporter -->
<testsuite hostname="DESKTOP-TBIC0IO" failures="0" tests="5" name="com.TestNG.Annotations" time="0.042" errors="0" timestamp="2023-01-25T10:44:28 IST" skipped="1">
  <testcase classname="com.TestNG.Annotations" name="gmailApplicationLaunch" time="0.015"/>
  <system-out/>
  <testcase classname="com.TestNG.Annotations" name="gmailInbox" time="0.004"/>
  <system-out/>
  <testcase classname="com.TestNG.Annotations" name="gmailComposemail" time="0.014"/>
  <system-out/>
  <testcase classname="com.TestNG.Annotations" name="gmailApplicationClose" time="0.009"/>
  <system-out/>
  <testcase classname="com.TestNG.Annotations" name="gmailSentBox">
    <skipped/>
  </testcase> <!-- gmailSentBox -->
  <system-out/>
</testsuite> <!-- com.TestNG.Annotations -->
