<?xml version="1.0" encoding="UTF-8"?>
<!-- Generated by org.testng.reporters.JUnitReportReporter -->
<testsuite hostname="DESKTOP-TBIC0IO" failures="0" tests="3" name="com.TestNG.Annotations3" time="0.024" errors="0" timestamp="2023-01-25T10:49:22 IST" skipped="1">
  <testcase classname="com.TestNG.Annotations3" name="gmailInbox" time="0.018"/>
  <system-out/>
  <testcase classname="com.TestNG.Annotations3" name="gmailComposemail" time="0.006"/>
  <system-out/>
  <testcase classname="com.TestNG.Annotations3" name="gmailSentBox">
    <skipped/>
  </testcase> <!-- gmailSentBox -->
  <system-out/>
</testsuite> <!-- com.TestNG.Annotations3 -->
