<?xml version="1.0" encoding="UTF-8"?>
<!-- Generated by org.testng.reporters.JUnitReportReporter -->
<testsuite hostname="DESKTOP-TBIC0IO" failures="0" tests="7" name="com.OrangeHrmApplicationTestCases.OrangeHrmLogInValidation" time="76.960" errors="0" timestamp="2023-02-05T17:53:08 IST" skipped="0">
  <testcase classname="com.OrangeHrmApplicationTestCases.OrangeHrmLogInValidation" name="logInPageValidation" time="9.141"/>
  <system-out/>
  <testcase classname="com.OrangeHrmApplicationTestCases.OrangeHrmLogInValidation" name="logInPageTitleValidation" time="0.778"/>
  <system-out/>
  <testcase classname="com.OrangeHrmApplicationTestCases.OrangeHrmLogInValidation" name="logInPageUrlValidation" time="0.084"/>
  <system-out/>
  <testcase classname="com.OrangeHrmApplicationTestCases.OrangeHrmLogInValidation" name="exportingUserNameAndPasswordDataToExcel" time="0.066"/>
  <system-out/>
  <testcase classname="com.OrangeHrmApplicationTestCases.OrangeHrmLogInValidation" name="validatingLoginFunctionality" time="63.865"/>
  <system-out/>
  <testcase classname="com.OrangeHrmApplicationTestCases.OrangeHrmLogInValidation" name="logOut" time="2.745"/>
  <system-out/>
  <testcase classname="com.OrangeHrmApplicationTestCases.OrangeHrmLogInValidation" name="logInPanelTextValidation1" time="0.281"/>
  <system-out/>
</testsuite> <!-- com.OrangeHrmApplicationTestCases.OrangeHrmLogInValidation -->
