<?xml version="1.0" encoding="UTF-8"?>
<!-- Generated by org.testng.reporters.JUnitReportReporter -->
<testsuite hostname="DESKTOP-TBIC0IO" failures="0" tests="9" name="com.OrangeHrmApplicationTestCases.OHrmAddEmployee" time="109.133" errors="0" timestamp="2023-02-05T17:53:08 IST" skipped="0">
  <testcase classname="com.OrangeHrmApplicationTestCases.OHrmAddEmployee" name="logInPageValidation" time="9.141"/>
  <system-out/>
  <testcase classname="com.OrangeHrmApplicationTestCases.OHrmAddEmployee" name="logInPageTitleValidation" time="0.787"/>
  <system-out/>
  <testcase classname="com.OrangeHrmApplicationTestCases.OHrmAddEmployee" name="logInWithValidData" time="10.826"/>
  <system-out/>
  <testcase classname="com.OrangeHrmApplicationTestCases.OHrmAddEmployee" name="validatingHomePageText" time="0.383"/>
  <system-out/>
  <testcase classname="com.OrangeHrmApplicationTestCases.OHrmAddEmployee" name="addEmployeePageTextValidation" time="4.291"/>
  <system-out/>
  <testcase classname="com.OrangeHrmApplicationTestCases.OHrmAddEmployee" name="exportingEmployeeDetailsToExcelSheet" time="0.072"/>
  <system-out/>
  <testcase classname="com.OrangeHrmApplicationTestCases.OHrmAddEmployee" name="validatingTheData" time="81.629"/>
  <system-out/>
  <testcase classname="com.OrangeHrmApplicationTestCases.OHrmAddEmployee" name="logOut" time="1.607"/>
  <system-out/>
  <testcase classname="com.OrangeHrmApplicationTestCases.OHrmAddEmployee" name="logInPanelTextValidation1" time="0.397"/>
  <system-out/>
</testsuite> <!-- com.OrangeHrmApplicationTestCases.OHrmAddEmployee -->
