<?xml version="1.0" encoding="UTF-8"?>
<!-- Generated by org.testng.reporters.JUnitReportReporter -->
<testsuite hostname="DESKTOP-TBIC0IO" failures="0" tests="3" name="com.OrangeHrmApplicationTestCases.OrangeHrm_LogInTest" time="12.450" errors="0" timestamp="2023-02-05T15:49:08 IST" skipped="0">
  <testcase classname="com.OrangeHrmApplicationTestCases.OrangeHrm_LogInTest" name="logInPageValidation" time="0.273"/>
  <system-out/>
  <testcase classname="com.OrangeHrmApplicationTestCases.OrangeHrm_LogInTest" name="logInTest" time="9.172"/>
  <system-out/>
  <testcase classname="com.OrangeHrmApplicationTestCases.OrangeHrm_LogInTest" name="logOutTest" time="3.005"/>
  <system-out/>
</testsuite> <!-- com.OrangeHrmApplicationTestCases.OrangeHrm_LogInTest -->
